<?xml version="1.0" encoding="UTF-8"?>
<!-- Generated by org.testng.reporters.JUnitReportReporter -->
<testsuite hostname="LAPTOP-JBEJVAL5" failures="0" tests="1" name="tests.UITests" time="12.401" errors="0" timestamp="2025-09-24T20:55:38 IDT" skipped="0">
  <testcase classname="tests.UITests" name="testCreatePublisherAndPostUI" time="12.401"/>
</testsuite> <!-- tests.UITests -->
