<?xml version="1.0" encoding="UTF-8"?>
<!-- Generated by org.testng.reporters.JUnitReportReporter -->
<testsuite hostname="LAPTOP-JBEJVAL5" failures="0" tests="1" name="tests.UITests" time="18.740" errors="0" timestamp="2025-09-21T20:42:06 IDT" skipped="0">
  <testcase classname="tests.UITests" name="testCreatePublisherAndPostUI" time="18.740"/>
</testsuite> <!-- tests.UITests -->
